\BOOKMARK [0][-]{chapter.1}{Introduction}{}% 1
\BOOKMARK [1][-]{section.1.1}{Helium\040stars}{chapter.1}% 2
\BOOKMARK [2][-]{subsection.1.1.1}{Formation\040of\040helium\040stars}{section.1.1}% 3
\BOOKMARK [2][-]{subsection.1.1.2}{Evolution\040of\040single\040helium\040stars}{section.1.1}% 4
\BOOKMARK [3][-]{subsubsection*.3}{Mixing\040mechanisms}{subsection.1.1.2}% 5
\BOOKMARK [3][-]{subsubsection*.4}{Effects\040of\040rotation}{subsection.1.1.2}% 6
\BOOKMARK [3][-]{subsubsection*.5}{Stellar\040winds\040and\040mass\040loss}{subsection.1.1.2}% 7
\BOOKMARK [1][-]{section.1.2}{Evolution\040of\040binary\040systems}{chapter.1}% 8
\BOOKMARK [2][-]{subsection.1.2.1}{Interaction\040and\040orbital\040parameters}{section.1.2}% 9
\BOOKMARK [2][-]{subsection.1.2.2}{Mass\040transfer}{section.1.2}% 10
\BOOKMARK [2][-]{subsection.1.2.3}{Common\040envelope}{section.1.2}% 11
\BOOKMARK [2][-]{subsection.1.2.4}{Angular\040momentum\040losses}{section.1.2}% 12
\BOOKMARK [2][-]{subsection.1.2.5}{Double\040neutron\040star\040systems}{section.1.2}% 13
\BOOKMARK [1][-]{section.1.3}{Stellar\040transients}{chapter.1}% 14
\BOOKMARK [2][-]{subsection.1.3.1}{Explosion\040Mechanisms}{section.1.3}% 15
\BOOKMARK [3][-]{subsubsection*.9}{Iron\040core\040collapse\040SNe\040\(Fe-CCSNe\)}{subsection.1.3.1}% 16
\BOOKMARK [3][-]{subsubsection*.10}{Electron\040capture\040SNe\040\(ECSNe\)}{subsection.1.3.1}% 17
\BOOKMARK [3][-]{subsubsection*.11}{Pair\040instability\040SNe\040\(PISNe\)}{subsection.1.3.1}% 18
\BOOKMARK [2][-]{subsection.1.3.2}{Type\040Ia\040Supernovae}{section.1.3}% 19
\BOOKMARK [2][-]{subsection.1.3.3}{Type\040Ib/c\040Supernovae}{section.1.3}% 20
\BOOKMARK [1][-]{section.1.4}{Thesis\040Outline}{chapter.1}% 21
